2/18/2011 8:37:04 PM 3724 Logging started
2/18/2011 8:37:04 PM 3724 Begin Startup
2/18/2011 8:37:04 PM 3724 Chaosauncher 0.5.4.4 on NT 6.1.7600  at C:\Users\Frank_Jess\Desktop\BWAPI\res\scbwai\Chaoslauncher\Chaoslauncher.exe
2/18/2011 8:37:04 PM 3724 Load Settings
2/18/2011 8:37:04 PM 3724 GamePath: C:\Program Files (x86)\StarCraft\\
2/18/2011 8:37:04 PM 3724 Load Plugins
2/18/2011 8:37:04 PM 3724 AdvLoaderPluginPath: \Plugins\
2/18/2011 8:37:04 PM 3724 Loading BWL4-Plugin C:\Users\Frank_Jess\Desktop\BWAPI\res\scbwai\Chaoslauncher\APMAlert.bwl
2/18/2011 8:37:04 PM 3724 Plugin loaded APMAlert (1.16.1)
2/18/2011 8:37:04 PM 3724 Loading BWL4-Plugin C:\Users\Frank_Jess\Desktop\BWAPI\res\scbwai\Chaoslauncher\BWAPI_ChaosLauncherInjector.bwl
2/18/2011 8:37:04 PM 3724 Plugin loaded BWAPI Injector (1.16.1) RELEASE
2/18/2011 8:37:04 PM 3724 Loading BWL4-Plugin C:\Users\Frank_Jess\Desktop\BWAPI\res\scbwai\Chaoslauncher\BWAPI_ChaosLauncherInjectord.bwl
2/18/2011 8:37:04 PM 3724 Plugin loaded BWAPI Injector (1.16.1) DEBUG
2/18/2011 8:37:04 PM 3724 Loading BWL4-Plugin C:\Users\Frank_Jess\Desktop\BWAPI\res\scbwai\Chaoslauncher\Chaosplugin.bwl
2/18/2011 8:37:05 PM 3724 Plugin loaded Chaosplugin for 1.16.1
2/18/2011 8:37:05 PM 3724 Loading BWL4-Plugin C:\Users\Frank_Jess\Desktop\BWAPI\res\scbwai\Chaoslauncher\iccscbn.icc
2/18/2011 8:37:05 PM 3724 Plugin loaded ICCup
2/18/2011 8:37:05 PM 3724 Loading BWL4-Plugin C:\Users\Frank_Jess\Desktop\BWAPI\res\scbwai\Chaoslauncher\icctv.bwl
2/18/2011 8:37:05 PM 3724 Plugin loaded ICCup TV Streamer
2/18/2011 8:37:05 PM 3724 Loading BWL4-Plugin C:\Users\Frank_Jess\Desktop\BWAPI\res\scbwai\Chaoslauncher\icctvp.bwl
2/18/2011 8:37:05 PM 3724 Plugin loaded ICCup TV Player
2/18/2011 8:37:05 PM 3724 Loading BWL4-Plugin C:\Users\Frank_Jess\Desktop\BWAPI\res\scbwai\Chaoslauncher\LatencyChanger.bwl
2/18/2011 8:37:05 PM 3724 Plugin loaded LatencyChanger for 1.16.1
2/18/2011 8:37:05 PM 3724 Loading BWL4-Plugin C:\Users\Frank_Jess\Desktop\BWAPI\res\scbwai\Chaoslauncher\repfix.bwl
2/18/2011 8:37:05 PM 3724 Plugin loaded RepFix
2/18/2011 8:37:05 PM 3724 Loading BWL4-Plugin C:\Users\Frank_Jess\Desktop\BWAPI\res\scbwai\Chaoslauncher\Stormplugin.bwl
2/18/2011 8:37:05 PM 3724 Plugin loaded Stormplugin for 1.16.1
2/18/2011 8:37:05 PM 3724 Loading BWL4-Plugin C:\Users\Frank_Jess\Desktop\BWAPI\res\scbwai\Chaoslauncher\wmode.bwl
2/18/2011 8:37:08 PM 3724 Unloading Plugin wmode
2/18/2011 8:37:08 PM 3724 Exception at: FindInDirectory wmode.bwl class: Exception msg: Could not load Plugin "C:\Users\Frank_Jess\Desktop\BWAPI\res\scbwai\Chaoslauncher\wmode.bwl"
Error: Access is denied.
(5)
2/18/2011 8:37:12 PM 3724 Load Tools
2/18/2011 8:37:12 PM 3724 Init GUI
2/18/2011 8:37:12 PM 3724 Get Starcraftversions
2/18/2011 8:37:12 PM 3724 Init complete
2/18/2011 8:37:12 PM 3724 Check for updates
2/18/2011 8:37:12 PM 3724 Updateing APMAlert (1.16.1)
2/18/2011 8:37:12 PM 3724 url: http://rockify.net/APMAlert/
2/18/2011 8:37:12 PM 3724 Updateing BWAPI Injector (1.16.1) RELEASE
2/18/2011 8:37:12 PM 3724 url: http://bwapi.googlecode.com/files/
2/18/2011 8:37:12 PM 3724 Exception at: BwlUpdateCheck http.get(update) class: EIdHTTPProtocolException msg: HTTP/1.1 404 Not Found
2/18/2011 8:37:12 PM 3724 Updateing BWAPI Injector (1.16.1) DEBUG
2/18/2011 8:37:12 PM 3724 url: http://bwapi.googlecode.com/files/
2/18/2011 8:37:13 PM 3724 Exception at: BwlUpdateCheck http.get(update) class: EIdHTTPProtocolException msg: HTTP/1.1 404 Not Found
2/18/2011 8:37:13 PM 3724 Updateing Chaosplugin for 1.16.1
2/18/2011 8:37:13 PM 3724 url: http://winner.cspsx.de/Starcraft/Tool/Update/
2/18/2011 8:37:13 PM 3724 Update ICCup Antihack
2/18/2011 8:37:14 PM 3724 Update needed
2/18/2011 8:37:14 PM 3724 Updateing ICCup TV Streamer
2/18/2011 8:37:14 PM 3724 url: http://warcraft.theabyss.ru/icctv/update/streamer/
2/18/2011 8:37:14 PM 3724 Update needed
2/18/2011 8:37:14 PM 3724 Updateing ICCup TV Player
2/18/2011 8:37:14 PM 3724 url: http://warcraft.theabyss.ru/icctv/update/player/
2/18/2011 8:37:15 PM 3724 Update needed
2/18/2011 8:37:15 PM 3724 Updateing LatencyChanger for 1.16.1
2/18/2011 8:37:15 PM 3724 url: http://winner.cspsx.de/Starcraft/Tool/LatencyUpdate/
2/18/2011 8:37:16 PM 3724 Updateing RepFix
2/18/2011 8:37:16 PM 3724 url: http://www.iccup.com/
2/18/2011 8:37:16 PM 3724 Exception at: BwlUpdateCheck http.get(update) class: EIdHTTPProtocolException msg: HTTP/1.1 404 Not Found
2/18/2011 8:37:16 PM 3724 Updateing Stormplugin for 1.16.1
2/18/2011 8:37:16 PM 3724 url: http://winner.cspsx.de/Starcraft/Tool/StormUpdate/
2/18/2011 8:37:16 PM 3724 Exception at: Global ExceptionHandler class: EStringListError msg: Listenindex überschreitet das Maximum (12455704)
2/18/2011 8:37:17 PM 3724 Startbutton
2/18/2011 8:37:17 PM 3724 Starting Game Starcraft 1.16.1 C:\Program Files (x86)\StarCraft\\StarCraft.exe
2/18/2011 8:37:17 PM 3724 BWAPI Injector (1.16.1) RELEASE Version  Compatible
2/18/2011 8:37:17 PM 3724 Obtained DebugPrivilege
2/18/2011 8:37:17 PM 3724 CreateProcess
2/18/2011 8:37:17 PM 3724 Call ScSuspended for all active Plugins
2/18/2011 8:37:17 PM 3724 ApplyPatchSuspended for BWAPI Injector (1.16.1) RELEASE
2/18/2011 8:37:17 PM 3724 ResumeThread
2/18/2011 8:37:17 PM 3724 WaitForInputIdle
2/18/2011 8:37:17 PM 3724 Call ScWindowCreated for all active Plugins
2/18/2011 8:37:17 PM 3724 ApplyPatch for BWAPI Injector (1.16.1) RELEASE
2/18/2011 8:37:17 PM 3724 Starting Starcraft completed
2/18/2011 8:38:45 PM 3724 Finishing
2/18/2011 8:38:45 PM 3724 Unloading Plugin APMAlert (1.16.1)
2/18/2011 8:38:45 PM 3724 Unloading Plugin BWAPI Injector (1.16.1) RELEASE
2/18/2011 8:38:45 PM 3724 Unloading Plugin BWAPI Injector (1.16.1) DEBUG
2/18/2011 8:38:45 PM 3724 Unloading Plugin Chaosplugin for 1.16.1
2/18/2011 8:38:45 PM 3724 Unloading Plugin ICCup
2/18/2011 8:38:45 PM 3724 Unloading Plugin ICCup TV Streamer
2/18/2011 8:38:45 PM 3724 Unloading Plugin ICCup TV Player
2/18/2011 8:38:45 PM 3724 Unloading Plugin LatencyChanger for 1.16.1
2/18/2011 8:38:45 PM 3724 Unloading Plugin RepFix
2/18/2011 8:38:45 PM 3724 Unloading Plugin Stormplugin for 1.16.1
2/18/2011 8:38:45 PM 3724 Logging ended
